<?xml version="1.0" encoding="UTF-8"?>
<coverage generated="1784706173726" clover="3.2.0">
  <project timestamp="1784706173726" name="All files">
    <metrics statements="105" coveredstatements="68" conditionals="58" coveredconditionals="32" methods="31" coveredmethods="17" elements="194" coveredelements="117" complexity="0" loc="105" ncloc="105" packages="5" files="8" classes="8"/>
    <package name="assets">
      <metrics statements="0" coveredstatements="0" conditionals="0" coveredconditionals="0" methods="0" coveredmethods="0"/>
      <file name="EduTalaPH_Logo.png" path="C:\Personal\EduTala PH\edutala-ph\src\assets\EduTalaPH_Logo.png">
        <metrics statements="0" coveredstatements="0" conditionals="0" coveredconditionals="0" methods="0" coveredmethods="0"/>
      </file>
    </package>
    <package name="components">
      <metrics statements="29" coveredstatements="23" conditionals="28" coveredconditionals="20" methods="10" coveredmethods="4"/>
      <file name="AdminLoginForm.jsx" path="C:\Personal\EduTala PH\edutala-ph\src\components\AdminLoginForm.jsx">
        <metrics statements="14" coveredstatements="11" conditionals="12" coveredconditionals="9" methods="5" coveredmethods="2"/>
        <line num="9" count="2" type="stmt"/>
        <line num="15" count="26" type="stmt"/>
        <line num="24" count="0" type="stmt"/>
        <line num="34" count="26" type="stmt"/>
        <line num="35" count="26" type="stmt"/>
        <line num="36" count="26" type="stmt"/>
        <line num="37" count="26" type="stmt"/>
        <line num="42" count="26" type="stmt"/>
        <line num="43" count="0" type="stmt"/>
        <line num="46" count="26" type="stmt"/>
        <line num="47" count="26" type="stmt"/>
        <line num="52" count="26" type="stmt"/>
        <line num="58" count="26" type="stmt"/>
        <line num="96" count="0" type="stmt"/>
      </file>
      <file name="LoginForm.jsx" path="C:\Personal\EduTala PH\edutala-ph\src\components\LoginForm.jsx">
        <metrics statements="15" coveredstatements="12" conditionals="16" coveredconditionals="11" methods="5" coveredmethods="2"/>
        <line num="9" count="2" type="stmt"/>
        <line num="16" count="28" type="stmt"/>
        <line num="25" count="0" type="stmt"/>
        <line num="35" count="28" type="stmt"/>
        <line num="36" count="28" type="stmt"/>
        <line num="37" count="28" type="stmt"/>
        <line num="38" count="28" type="stmt"/>
        <line num="44" count="28" type="stmt"/>
        <line num="46" count="28" type="stmt"/>
        <line num="47" count="0" type="stmt"/>
        <line num="50" count="28" type="stmt"/>
        <line num="51" count="28" type="stmt"/>
        <line num="59" count="28" type="stmt"/>
        <line num="68" count="28" type="stmt"/>
        <line num="105" count="0" type="stmt"/>
      </file>
    </package>
    <package name="context">
      <metrics statements="36" coveredstatements="28" conditionals="8" coveredconditionals="5" methods="9" coveredmethods="7"/>
      <file name="AuthContext.jsx" path="C:\Personal\EduTala PH\edutala-ph\src\context\AuthContext.jsx">
        <metrics statements="36" coveredstatements="28" conditionals="8" coveredconditionals="5" methods="9" coveredmethods="7"/>
        <line num="5" count="5" type="stmt"/>
        <line num="8" count="37" type="stmt"/>
        <line num="9" count="37" type="stmt"/>
        <line num="10" count="37" type="stmt"/>
        <line num="11" count="37" type="stmt"/>
        <line num="13" count="37" type="stmt"/>
        <line num="14" count="24" type="stmt"/>
        <line num="16" count="20" type="cond" truecount="2" falsecount="0"/>
        <line num="17" count="3" type="stmt"/>
        <line num="18" count="3" type="stmt"/>
        <line num="22" count="20" type="stmt"/>
        <line num="25" count="37" type="stmt"/>
        <line num="26" count="2" type="stmt"/>
        <line num="27" count="2" type="stmt"/>
        <line num="28" count="2" type="cond" truecount="1" falsecount="1"/>
        <line num="29" count="0" type="stmt"/>
        <line num="30" count="0" type="stmt"/>
        <line num="32" count="2" type="stmt"/>
        <line num="33" count="2" type="stmt"/>
        <line num="34" count="2" type="stmt"/>
        <line num="35" count="2" type="stmt"/>
        <line num="38" count="37" type="stmt"/>
        <line num="39" count="0" type="stmt"/>
        <line num="40" count="0" type="stmt"/>
        <line num="41" count="0" type="cond" truecount="0" falsecount="2"/>
        <line num="42" count="0" type="stmt"/>
        <line num="43" count="0" type="stmt"/>
        <line num="45" count="0" type="stmt"/>
        <line num="48" count="37" type="stmt"/>
        <line num="49" count="1" type="stmt"/>
        <line num="50" count="1" type="stmt"/>
        <line num="51" count="1" type="stmt"/>
        <line num="54" count="37" type="stmt"/>
        <line num="63" count="119" type="stmt"/>
        <line num="64" count="119" type="cond" truecount="2" falsecount="0"/>
        <line num="65" count="116" type="stmt"/>
      </file>
    </package>
    <package name="lib">
      <metrics statements="36" coveredstatements="13" conditionals="22" coveredconditionals="7" methods="9" coveredmethods="3"/>
      <file name="api.js" path="C:\Personal\EduTala PH\edutala-ph\src\lib\api.js">
        <metrics statements="35" coveredstatements="12" conditionals="22" coveredconditionals="7" methods="8" coveredmethods="2"/>
        <line num="1" count="4" type="cond" truecount="1" falsecount="1"/>
        <line num="3" count="4" type="stmt"/>
        <line num="4" count="4" type="stmt"/>
        <line num="7" count="0" type="stmt"/>
        <line num="11" count="0" type="stmt"/>
        <line num="15" count="0" type="stmt"/>
        <line num="19" count="0" type="cond" truecount="0" falsecount="2"/>
        <line num="20" count="0" type="stmt"/>
        <line num="21" count="0" type="stmt"/>
        <line num="23" count="0" type="stmt"/>
        <line num="24" count="0" type="cond" truecount="0" falsecount="2"/>
        <line num="25" count="0" type="stmt"/>
        <line num="26" count="0" type="stmt"/>
        <line num="28" count="0" type="stmt"/>
        <line num="32" count="21" type="stmt"/>
        <line num="33" count="21" type="cond" truecount="1" falsecount="1"/>
        <line num="34" count="0" type="stmt"/>
        <line num="36" count="21" type="cond" truecount="1" falsecount="1"/>
        <line num="37" count="0" type="stmt"/>
        <line num="40" count="21" type="stmt"/>
        <line num="47" count="17" type="cond" truecount="3" falsecount="1"/>
        <line num="48" count="0" type="cond" truecount="0" falsecount="2"/>
        <line num="49" count="0" type="stmt"/>
        <line num="51" count="0" type="stmt"/>
        <line num="52" count="0" type="stmt"/>
        <line num="54" count="0" type="cond" truecount="0" falsecount="2"/>
        <line num="55" count="0" type="stmt"/>
        <line num="56" count="0" type="stmt"/>
        <line num="65" count="17" type="stmt"/>
        <line num="66" count="17" type="stmt"/>
        <line num="69" count="4" type="stmt"/>
        <line num="70" count="0" type="stmt"/>
        <line num="71" count="21" type="stmt"/>
        <line num="72" count="0" type="stmt"/>
        <line num="73" count="0" type="stmt"/>
      </file>
      <file name="utils.js" path="C:\Personal\EduTala PH\edutala-ph\src\lib\utils.js">
        <metrics statements="1" coveredstatements="1" conditionals="0" coveredconditionals="0" methods="1" coveredmethods="1"/>
        <line num="5" count="298" type="stmt"/>
      </file>
    </package>
    <package name="pages">
      <metrics statements="4" coveredstatements="4" conditionals="0" coveredconditionals="0" methods="3" coveredmethods="3"/>
      <file name="AdminLogin.jsx" path="C:\Personal\EduTala PH\edutala-ph\src\pages\AdminLogin.jsx">
        <metrics statements="3" coveredstatements="3" conditionals="0" coveredconditionals="0" methods="2" coveredmethods="2"/>
        <line num="5" count="4" type="stmt"/>
        <line num="6" count="4" type="stmt"/>
        <line num="8" count="4" type="stmt"/>
      </file>
      <file name="Login.jsx" path="C:\Personal\EduTala PH\edutala-ph\src\pages\Login.jsx">
        <metrics statements="1" coveredstatements="1" conditionals="0" coveredconditionals="0" methods="1" coveredmethods="1"/>
        <line num="4" count="5" type="stmt"/>
      </file>
    </package>
  </project>
</coverage>
