{"total": {"lines":{"total":181,"covered":167,"skipped":0,"pct":92.26},"statements":{"total":183,"covered":169,"skipped":0,"pct":92.34},"functions":{"total":50,"covered":44,"skipped":0,"pct":88},"branches":{"total":108,"covered":94,"skipped":0,"pct":87.03},"branchesTrue":{"total":0,"covered":0,"skipped":0,"pct":100}}
,"C:\\Personal\\EduTala PH\\edutala-ph\\src\\assets\\EduTalaPH_Logo.png": {"lines":{"total":0,"covered":0,"skipped":0,"pct":100},"functions":{"total":0,"covered":0,"skipped":0,"pct":100},"statements":{"total":0,"covered":0,"skipped":0,"pct":100},"branches":{"total":0,"covered":0,"skipped":0,"pct":100}}
,"C:\\Personal\\EduTala PH\\edutala-ph\\src\\components\\AdminLoginForm.jsx": {"lines":{"total":14,"covered":13,"skipped":0,"pct":92.85},"functions":{"total":5,"covered":4,"skipped":0,"pct":80},"statements":{"total":14,"covered":13,"skipped":0,"pct":92.85},"branches":{"total":12,"covered":11,"skipped":0,"pct":91.66}}
,"C:\\Personal\\EduTala PH\\edutala-ph\\src\\components\\ForgotPasswordForm.jsx": {"lines":{"total":42,"covered":30,"skipped":0,"pct":71.42},"functions":{"total":9,"covered":6,"skipped":0,"pct":66.66},"statements":{"total":43,"covered":31,"skipped":0,"pct":72.09},"branches":{"total":22,"covered":15,"skipped":0,"pct":68.18}}
,"C:\\Personal\\EduTala PH\\edutala-ph\\src\\components\\LoginForm.jsx": {"lines":{"total":15,"covered":14,"skipped":0,"pct":93.33},"functions":{"total":5,"covered":4,"skipped":0,"pct":80},"statements":{"total":15,"covered":14,"skipped":0,"pct":93.33},"branches":{"total":16,"covered":13,"skipped":0,"pct":81.25}}
,"C:\\Personal\\EduTala PH\\edutala-ph\\src\\components\\ResetPasswordForm.jsx": {"lines":{"total":20,"covered":20,"skipped":0,"pct":100},"functions":{"total":6,"covered":6,"skipped":0,"pct":100},"statements":{"total":20,"covered":20,"skipped":0,"pct":100},"branches":{"total":18,"covered":18,"skipped":0,"pct":100}}
,"C:\\Personal\\EduTala PH\\edutala-ph\\src\\context\\AuthContext.jsx": {"lines":{"total":36,"covered":36,"skipped":0,"pct":100},"functions":{"total":9,"covered":8,"skipped":0,"pct":88.88},"statements":{"total":37,"covered":37,"skipped":0,"pct":100},"branches":{"total":8,"covered":8,"skipped":0,"pct":100}}
,"C:\\Personal\\EduTala PH\\edutala-ph\\src\\lib\\api.js": {"lines":{"total":35,"covered":35,"skipped":0,"pct":100},"functions":{"total":8,"covered":8,"skipped":0,"pct":100},"statements":{"total":35,"covered":35,"skipped":0,"pct":100},"branches":{"total":22,"covered":19,"skipped":0,"pct":86.36}}
,"C:\\Personal\\EduTala PH\\edutala-ph\\src\\lib\\utils.js": {"lines":{"total":1,"covered":1,"skipped":0,"pct":100},"functions":{"total":1,"covered":1,"skipped":0,"pct":100},"statements":{"total":1,"covered":1,"skipped":0,"pct":100},"branches":{"total":0,"covered":0,"skipped":0,"pct":100}}
,"C:\\Personal\\EduTala PH\\edutala-ph\\src\\pages\\AdminLogin.jsx": {"lines":{"total":3,"covered":3,"skipped":0,"pct":100},"functions":{"total":2,"covered":2,"skipped":0,"pct":100},"statements":{"total":3,"covered":3,"skipped":0,"pct":100},"branches":{"total":0,"covered":0,"skipped":0,"pct":100}}
,"C:\\Personal\\EduTala PH\\edutala-ph\\src\\pages\\ForgotPassword.jsx": {"lines":{"total":6,"covered":6,"skipped":0,"pct":100},"functions":{"total":2,"covered":2,"skipped":0,"pct":100},"statements":{"total":6,"covered":6,"skipped":0,"pct":100},"branches":{"total":4,"covered":4,"skipped":0,"pct":100}}
,"C:\\Personal\\EduTala PH\\edutala-ph\\src\\pages\\Login.jsx": {"lines":{"total":1,"covered":1,"skipped":0,"pct":100},"functions":{"total":1,"covered":1,"skipped":0,"pct":100},"statements":{"total":1,"covered":1,"skipped":0,"pct":100},"branches":{"total":0,"covered":0,"skipped":0,"pct":100}}
,"C:\\Personal\\EduTala PH\\edutala-ph\\src\\pages\\ResetPassword.jsx": {"lines":{"total":8,"covered":8,"skipped":0,"pct":100},"functions":{"total":2,"covered":2,"skipped":0,"pct":100},"statements":{"total":8,"covered":8,"skipped":0,"pct":100},"branches":{"total":6,"covered":6,"skipped":0,"pct":100}}
}
