{"C:\\Personal\\EduTala PH\\edutala-ph\\src\\assets\\EduTalaPH_Logo.png": {"path":"C:\\Personal\\EduTala PH\\edutala-ph\\src\\assets\\EduTalaPH_Logo.png","statementMap":{},"fnMap":{},"branchMap":{},"s":{},"f":{},"b":{},"meta":{"lastBranch":0,"lastFunction":0,"lastStatement":0,"seen":{},"fnNames":{}}}
,"C:\\Personal\\EduTala PH\\edutala-ph\\src\\components\\AdminLoginForm.jsx": {"path":"C:\\Personal\\EduTala PH\\edutala-ph\\src\\components\\AdminLoginForm.jsx","statementMap":{"0":{"start":{"line":9,"column":15},"end":{"line":12,"column":null}},"1":{"start":{"line":15,"column":2},"end":{"line":19,"column":null}},"2":{"start":{"line":24,"column":2},"end":{"line":29,"column":null}},"3":{"start":{"line":34,"column":42},"end":{"line":34,"column":null}},"4":{"start":{"line":35,"column":20},"end":{"line":35,"column":28}},"5":{"start":{"line":36,"column":31},"end":{"line":36,"column":39}},"6":{"start":{"line":37,"column":74},"end":{"line":40,"column":null}},"7":{"start":{"line":42,"column":19},"end":{"line":44,"column":null}},"8":{"start":{"line":43,"column":4},"end":{"line":43,"column":null}},"9":{"start":{"line":46,"column":21},"end":{"line":46,"column":null}},"10":{"start":{"line":47,"column":21},"end":{"line":51,"column":null}},"11":{"start":{"line":52,"column":21},"end":{"line":56,"column":null}},"12":{"start":{"line":58,"column":2},"end":{"line":132,"column":null}},"13":{"start":{"line":96,"column":27},"end":{"line":96,"column":null}}},"fnMap":{"0":{"name":"EyeIcon","decl":{"start":{"line":14,"column":9},"end":{"line":14,"column":19}},"loc":{"start":{"line":14,"column":19},"end":{"line":21,"column":null}},"line":14},"1":{"name":"EyeOffIcon","decl":{"start":{"line":23,"column":9},"end":{"line":23,"column":22}},"loc":{"start":{"line":23,"column":22},"end":{"line":31,"column":null}},"line":23},"2":{"name":"AdminLoginForm","decl":{"start":{"line":33,"column":24},"end":{"line":33,"column":41}},"loc":{"start":{"line":33,"column":41},"end":{"line":134,"column":null}},"line":33},"3":{"name":"(anonymous_3)","decl":{"start":{"line":42,"column":19},"end":{"line":42,"column":26}},"loc":{"start":{"line":42,"column":35},"end":{"line":44,"column":null}},"line":42},"4":{"name":"(anonymous_4)","decl":{"start":{"line":96,"column":12},"end":{"line":96,"column":27}},"loc":{"start":{"line":96,"column":27},"end":{"line":96,"column":null}},"line":96}},"branchMap":{"0":{"loc":{"start":{"line":66,"column":7},"end":{"line":69,"column":null}},"type":"binary-expr","locations":[{"start":{"line":66,"column":7},"end":{"line":66,"column":null}},{"start":{"line":67,"column":8},"end":{"line":69,"column":null}}],"line":66},"1":{"loc":{"start":{"line":81,"column":9},"end":{"line":81,"column":null}},"type":"binary-expr","locations":[{"start":{"line":81,"column":9},"end":{"line":81,"column":25}},{"start":{"line":81,"column":25},"end":{"line":81,"column":null}}],"line":81},"2":{"loc":{"start":{"line":89,"column":18},"end":{"line":89,"column":null}},"type":"cond-expr","locations":[{"start":{"line":89,"column":33},"end":{"line":89,"column":42}},{"start":{"line":89,"column":42},"end":{"line":89,"column":null}}],"line":89},"3":{"loc":{"start":{"line":104,"column":13},"end":{"line":104,"column":null}},"type":"cond-expr","locations":[{"start":{"line":104,"column":28},"end":{"line":104,"column":46}},{"start":{"line":104,"column":45},"end":{"line":104,"column":null}}],"line":104},"4":{"loc":{"start":{"line":107,"column":9},"end":{"line":107,"column":null}},"type":"binary-expr","locations":[{"start":{"line":107,"column":9},"end":{"line":107,"column":28}},{"start":{"line":107,"column":28},"end":{"line":107,"column":null}}],"line":107},"5":{"loc":{"start":{"line":124,"column":9},"end":{"line":124,"column":null}},"type":"cond-expr","locations":[{"start":{"line":124,"column":24},"end":{"line":124,"column":42}},{"start":{"line":124,"column":42},"end":{"line":124,"column":null}}],"line":124}},"s":{"0":2,"1":26,"2":0,"3":26,"4":26,"5":26,"6":26,"7":26,"8":0,"9":26,"10":26,"11":26,"12":26,"13":0},"f":{"0":26,"1":0,"2":26,"3":0,"4":0},"b":{"0":[26,0],"1":[26,2],"2":[0,26],"3":[0,26],"4":[26,3],"5":[2,24]},"meta":{"lastBranch":6,"lastFunction":5,"lastStatement":14,"seen":{"s:9:15:12:Infinity":0,"f:14:9:14:19":0,"s:15:2:19:Infinity":1,"f:23:9:23:22":1,"s:24:2:29:Infinity":2,"f:33:24:33:41":2,"s:34:42:34:Infinity":3,"s:35:20:35:28":4,"s:36:31:36:39":5,"s:37:74:40:Infinity":6,"s:42:19:44:Infinity":7,"f:42:19:42:26":3,"s:43:4:43:Infinity":8,"s:46:21:46:Infinity":9,"s:47:21:51:Infinity":10,"s:52:21:56:Infinity":11,"s:58:2:132:Infinity":12,"b:66:7:66:Infinity:67:8:69:Infinity":0,"b:81:9:81:25:81:25:81:Infinity":1,"b:89:33:89:42:89:42:89:Infinity":2,"f:96:12:96:27":4,"s:96:27:96:Infinity":13,"b:104:28:104:46:104:45:104:Infinity":3,"b:107:9:107:28:107:28:107:Infinity":4,"b:124:24:124:42:124:42:124:Infinity":5},"fnNames":{}}}
,"C:\\Personal\\EduTala PH\\edutala-ph\\src\\components\\LoginForm.jsx": {"path":"C:\\Personal\\EduTala PH\\edutala-ph\\src\\components\\LoginForm.jsx","statementMap":{"0":{"start":{"line":9,"column":15},"end":{"line":13,"column":null}},"1":{"start":{"line":16,"column":2},"end":{"line":20,"column":null}},"2":{"start":{"line":25,"column":2},"end":{"line":30,"column":null}},"3":{"start":{"line":35,"column":42},"end":{"line":35,"column":null}},"4":{"start":{"line":36,"column":20},"end":{"line":36,"column":28}},"5":{"start":{"line":37,"column":31},"end":{"line":37,"column":39}},"6":{"start":{"line":38,"column":81},"end":{"line":41,"column":null}},"7":{"start":{"line":44,"column":26},"end":{"line":44,"column":null}},"8":{"start":{"line":46,"column":19},"end":{"line":48,"column":null}},"9":{"start":{"line":47,"column":4},"end":{"line":47,"column":null}},"10":{"start":{"line":50,"column":21},"end":{"line":50,"column":null}},"11":{"start":{"line":51,"column":21},"end":{"line":58,"column":null}},"12":{"start":{"line":59,"column":21},"end":{"line":66,"column":null}},"13":{"start":{"line":68,"column":2},"end":{"line":186,"column":null}},"14":{"start":{"line":105,"column":27},"end":{"line":105,"column":null}}},"fnMap":{"0":{"name":"EyeIcon","decl":{"start":{"line":15,"column":9},"end":{"line":15,"column":19}},"loc":{"start":{"line":15,"column":19},"end":{"line":22,"column":null}},"line":15},"1":{"name":"EyeOffIcon","decl":{"start":{"line":24,"column":9},"end":{"line":24,"column":22}},"loc":{"start":{"line":24,"column":22},"end":{"line":32,"column":null}},"line":24},"2":{"name":"LoginForm","decl":{"start":{"line":34,"column":24},"end":{"line":34,"column":36}},"loc":{"start":{"line":34,"column":36},"end":{"line":188,"column":null}},"line":34},"3":{"name":"(anonymous_3)","decl":{"start":{"line":46,"column":19},"end":{"line":46,"column":26}},"loc":{"start":{"line":46,"column":35},"end":{"line":48,"column":null}},"line":46},"4":{"name":"(anonymous_4)","decl":{"start":{"line":105,"column":12},"end":{"line":105,"column":27}},"loc":{"start":{"line":105,"column":27},"end":{"line":105,"column":null}},"line":105}},"branchMap":{"0":{"loc":{"start":{"line":75,"column":7},"end":{"line":78,"column":null}},"type":"binary-expr","locations":[{"start":{"line":75,"column":7},"end":{"line":75,"column":null}},{"start":{"line":76,"column":8},"end":{"line":78,"column":null}}],"line":75},"1":{"loc":{"start":{"line":90,"column":9},"end":{"line":90,"column":null}},"type":"binary-expr","locations":[{"start":{"line":90,"column":9},"end":{"line":90,"column":25}},{"start":{"line":90,"column":25},"end":{"line":90,"column":null}}],"line":90},"2":{"loc":{"start":{"line":98,"column":18},"end":{"line":98,"column":null}},"type":"cond-expr","locations":[{"start":{"line":98,"column":33},"end":{"line":98,"column":42}},{"start":{"line":98,"column":42},"end":{"line":98,"column":null}}],"line":98},"3":{"loc":{"start":{"line":116,"column":13},"end":{"line":116,"column":null}},"type":"cond-expr","locations":[{"start":{"line":116,"column":28},"end":{"line":116,"column":46}},{"start":{"line":116,"column":45},"end":{"line":116,"column":null}}],"line":116},"4":{"loc":{"start":{"line":119,"column":9},"end":{"line":119,"column":null}},"type":"binary-expr","locations":[{"start":{"line":119,"column":9},"end":{"line":119,"column":28}},{"start":{"line":119,"column":28},"end":{"line":119,"column":null}}],"line":119},"5":{"loc":{"start":{"line":136,"column":14},"end":{"line":136,"column":null}},"type":"cond-expr","locations":[{"start":{"line":136,"column":32},"end":{"line":136,"column":58}},{"start":{"line":136,"column":58},"end":{"line":136,"column":null}}],"line":136},"6":{"loc":{"start":{"line":139,"column":13},"end":{"line":142,"column":null}},"type":"binary-expr","locations":[{"start":{"line":139,"column":13},"end":{"line":139,"column":null}},{"start":{"line":140,"column":14},"end":{"line":142,"column":null}}],"line":139},"7":{"loc":{"start":{"line":177,"column":9},"end":{"line":177,"column":null}},"type":"cond-expr","locations":[{"start":{"line":177,"column":24},"end":{"line":177,"column":42}},{"start":{"line":177,"column":42},"end":{"line":177,"column":null}}],"line":177}},"s":{"0":2,"1":28,"2":0,"3":28,"4":28,"5":28,"6":28,"7":28,"8":28,"9":0,"10":28,"11":28,"12":28,"13":28,"14":0},"f":{"0":28,"1":0,"2":28,"3":0,"4":0},"b":{"0":[28,0],"1":[28,2],"2":[0,28],"3":[0,28],"4":[28,3],"5":[0,28],"6":[28,0],"7":[2,26]},"meta":{"lastBranch":8,"lastFunction":5,"lastStatement":15,"seen":{"s:9:15:13:Infinity":0,"f:15:9:15:19":0,"s:16:2:20:Infinity":1,"f:24:9:24:22":1,"s:25:2:30:Infinity":2,"f:34:24:34:36":2,"s:35:42:35:Infinity":3,"s:36:20:36:28":4,"s:37:31:37:39":5,"s:38:81:41:Infinity":6,"s:44:26:44:Infinity":7,"s:46:19:48:Infinity":8,"f:46:19:46:26":3,"s:47:4:47:Infinity":9,"s:50:21:50:Infinity":10,"s:51:21:58:Infinity":11,"s:59:21:66:Infinity":12,"s:68:2:186:Infinity":13,"b:75:7:75:Infinity:76:8:78:Infinity":0,"b:90:9:90:25:90:25:90:Infinity":1,"b:98:33:98:42:98:42:98:Infinity":2,"f:105:12:105:27":4,"s:105:27:105:Infinity":14,"b:116:28:116:46:116:45:116:Infinity":3,"b:119:9:119:28:119:28:119:Infinity":4,"b:136:32:136:58:136:58:136:Infinity":5,"b:139:13:139:Infinity:140:14:142:Infinity":6,"b:177:24:177:42:177:42:177:Infinity":7},"fnNames":{}}}
,"C:\\Personal\\EduTala PH\\edutala-ph\\src\\context\\AuthContext.jsx": {"path":"C:\\Personal\\EduTala PH\\edutala-ph\\src\\context\\AuthContext.jsx","statementMap":{"0":{"start":{"line":5,"column":20},"end":{"line":5,"column":null}},"1":{"start":{"line":8,"column":19},"end":{"line":8,"column":31}},"2":{"start":{"line":9,"column":26},"end":{"line":9,"column":null}},"3":{"start":{"line":10,"column":32},"end":{"line":10,"column":null}},"4":{"start":{"line":11,"column":28},"end":{"line":11,"column":null}},"5":{"start":{"line":13,"column":2},"end":{"line":23,"column":null}},"6":{"start":{"line":14,"column":4},"end":{"line":22,"column":null}},"7":{"start":{"line":16,"column":8},"end":{"line":19,"column":null}},"8":{"start":{"line":17,"column":10},"end":{"line":17,"column":null}},"9":{"start":{"line":18,"column":10},"end":{"line":18,"column":null}},"10":{"start":{"line":22,"column":21},"end":{"line":22,"column":38}},"11":{"start":{"line":25,"column":16},"end":{"line":36,"column":null}},"12":{"start":{"line":26,"column":4},"end":{"line":26,"column":null}},"13":{"start":{"line":27,"column":16},"end":{"line":27,"column":null}},"14":{"start":{"line":28,"column":4},"end":{"line":31,"column":null}},"15":{"start":{"line":29,"column":6},"end":{"line":29,"column":null}},"16":{"start":{"line":30,"column":6},"end":{"line":30,"column":null}},"17":{"start":{"line":32,"column":4},"end":{"line":32,"column":null}},"18":{"start":{"line":33,"column":4},"end":{"line":33,"column":null}},"19":{"start":{"line":34,"column":4},"end":{"line":34,"column":null}},"20":{"start":{"line":35,"column":4},"end":{"line":35,"column":null}},"21":{"start":{"line":38,"column":17},"end":{"line":46,"column":null}},"22":{"start":{"line":39,"column":4},"end":{"line":39,"column":null}},"23":{"start":{"line":40,"column":16},"end":{"line":40,"column":null}},"24":{"start":{"line":41,"column":4},"end":{"line":44,"column":null}},"25":{"start":{"line":42,"column":6},"end":{"line":42,"column":null}},"26":{"start":{"line":43,"column":6},"end":{"line":43,"column":null}},"27":{"start":{"line":45,"column":4},"end":{"line":45,"column":null}},"28":{"start":{"line":48,"column":17},"end":{"line":52,"column":null}},"29":{"start":{"line":49,"column":4},"end":{"line":49,"column":null}},"30":{"start":{"line":50,"column":4},"end":{"line":50,"column":null}},"31":{"start":{"line":51,"column":4},"end":{"line":51,"column":null}},"32":{"start":{"line":54,"column":2},"end":{"line":57,"column":null}},"33":{"start":{"line":63,"column":14},"end":{"line":63,"column":null}},"34":{"start":{"line":64,"column":2},"end":{"line":64,"column":null}},"35":{"start":{"line":64,"column":12},"end":{"line":64,"column":null}},"36":{"start":{"line":65,"column":2},"end":{"line":65,"column":null}}},"fnMap":{"0":{"name":"AuthProvider","decl":{"start":{"line":7,"column":16},"end":{"line":7,"column":29}},"loc":{"start":{"line":7,"column":43},"end":{"line":59,"column":null}},"line":7},"1":{"name":"(anonymous_1)","decl":{"start":{"line":13,"column":2},"end":{"line":13,"column":18}},"loc":{"start":{"line":13,"column":18},"end":{"line":23,"column":5}},"line":13},"2":{"name":"(anonymous_2)","decl":{"start":{"line":15,"column":7},"end":{"line":15,"column":13}},"loc":{"start":{"line":15,"column":21},"end":{"line":20,"column":7}},"line":15},"3":{"name":"(anonymous_3)","decl":{"start":{"line":21,"column":7},"end":{"line":21,"column":19}},"loc":{"start":{"line":21,"column":19},"end":{"line":21,"column":21}},"line":21},"4":{"name":"(anonymous_4)","decl":{"start":{"line":22,"column":7},"end":{"line":22,"column":21}},"loc":{"start":{"line":22,"column":21},"end":{"line":22,"column":38}},"line":22},"5":{"name":"(anonymous_5)","decl":{"start":{"line":25,"column":28},"end":{"line":25,"column":35}},"loc":{"start":{"line":25,"column":55},"end":{"line":36,"column":5}},"line":25},"6":{"name":"(anonymous_6)","decl":{"start":{"line":38,"column":29},"end":{"line":38,"column":36}},"loc":{"start":{"line":38,"column":62},"end":{"line":46,"column":5}},"line":38},"7":{"name":"(anonymous_7)","decl":{"start":{"line":48,"column":29},"end":{"line":48,"column":41}},"loc":{"start":{"line":48,"column":41},"end":{"line":52,"column":5}},"line":48},"8":{"name":"useAuth","decl":{"start":{"line":62,"column":16},"end":{"line":62,"column":26}},"loc":{"start":{"line":62,"column":26},"end":{"line":66,"column":null}},"line":62}},"branchMap":{"0":{"loc":{"start":{"line":16,"column":8},"end":{"line":19,"column":null}},"type":"if","locations":[{"start":{"line":16,"column":8},"end":{"line":19,"column":null}},{"start":{},"end":{}}],"line":16},"1":{"loc":{"start":{"line":28,"column":4},"end":{"line":31,"column":null}},"type":"if","locations":[{"start":{"line":28,"column":4},"end":{"line":31,"column":null}},{"start":{},"end":{}}],"line":28},"2":{"loc":{"start":{"line":41,"column":4},"end":{"line":44,"column":null}},"type":"if","locations":[{"start":{"line":41,"column":4},"end":{"line":44,"column":null}},{"start":{},"end":{}}],"line":41},"3":{"loc":{"start":{"line":64,"column":2},"end":{"line":64,"column":null}},"type":"if","locations":[{"start":{"line":64,"column":2},"end":{"line":64,"column":null}},{"start":{},"end":{}}],"line":64}},"s":{"0":5,"1":37,"2":37,"3":37,"4":37,"5":37,"6":24,"7":20,"8":3,"9":3,"10":20,"11":37,"12":2,"13":2,"14":2,"15":0,"16":0,"17":2,"18":2,"19":2,"20":2,"21":37,"22":0,"23":0,"24":0,"25":0,"26":0,"27":0,"28":37,"29":1,"30":1,"31":1,"32":37,"33":119,"34":119,"35":2,"36":116},"f":{"0":37,"1":24,"2":20,"3":0,"4":20,"5":2,"6":0,"7":1,"8":119},"b":{"0":[3,17],"1":[0,2],"2":[0,0],"3":[2,117]},"meta":{"lastBranch":4,"lastFunction":9,"lastStatement":37,"seen":{"s:5:20:5:Infinity":0,"f:7:16:7:29":0,"s:8:19:8:31":1,"s:9:26:9:Infinity":2,"s:10:32:10:Infinity":3,"s:11:28:11:Infinity":4,"s:13:2:23:Infinity":5,"f:13:2:13:18":1,"s:14:4:22:Infinity":6,"f:15:7:15:13":2,"b:16:8:19:Infinity:undefined:undefined:undefined:undefined":0,"s:16:8:19:Infinity":7,"s:17:10:17:Infinity":8,"s:18:10:18:Infinity":9,"f:21:7:21:19":3,"f:22:7:22:21":4,"s:22:21:22:38":10,"s:25:16:36:Infinity":11,"f:25:28:25:35":5,"s:26:4:26:Infinity":12,"s:27:16:27:Infinity":13,"b:28:4:31:Infinity:undefined:undefined:undefined:undefined":1,"s:28:4:31:Infinity":14,"s:29:6:29:Infinity":15,"s:30:6:30:Infinity":16,"s:32:4:32:Infinity":17,"s:33:4:33:Infinity":18,"s:34:4:34:Infinity":19,"s:35:4:35:Infinity":20,"s:38:17:46:Infinity":21,"f:38:29:38:36":6,"s:39:4:39:Infinity":22,"s:40:16:40:Infinity":23,"b:41:4:44:Infinity:undefined:undefined:undefined:undefined":2,"s:41:4:44:Infinity":24,"s:42:6:42:Infinity":25,"s:43:6:43:Infinity":26,"s:45:4:45:Infinity":27,"s:48:17:52:Infinity":28,"f:48:29:48:41":7,"s:49:4:49:Infinity":29,"s:50:4:50:Infinity":30,"s:51:4:51:Infinity":31,"s:54:2:57:Infinity":32,"f:62:16:62:26":8,"s:63:14:63:Infinity":33,"b:64:2:64:Infinity:undefined:undefined:undefined:undefined":3,"s:64:2:64:Infinity":34,"s:64:12:64:Infinity":35,"s:65:2:65:Infinity":36},"fnNames":{}}}
,"C:\\Personal\\EduTala PH\\edutala-ph\\src\\lib\\api.js": {"path":"C:\\Personal\\EduTala PH\\edutala-ph\\src\\lib\\api.js","statementMap":{"0":{"start":{"line":1,"column":16},"end":{"line":1,"column":null}},"1":{"start":{"line":3,"column":18},"end":{"line":3,"column":null}},"2":{"start":{"line":4,"column":21},"end":{"line":4,"column":null}},"3":{"start":{"line":7,"column":2},"end":{"line":7,"column":null}},"4":{"start":{"line":11,"column":2},"end":{"line":11,"column":null}},"5":{"start":{"line":15,"column":14},"end":{"line":18,"column":null}},"6":{"start":{"line":19,"column":2},"end":{"line":22,"column":null}},"7":{"start":{"line":20,"column":4},"end":{"line":20,"column":null}},"8":{"start":{"line":21,"column":4},"end":{"line":21,"column":null}},"9":{"start":{"line":23,"column":15},"end":{"line":23,"column":null}},"10":{"start":{"line":24,"column":2},"end":{"line":27,"column":null}},"11":{"start":{"line":25,"column":4},"end":{"line":25,"column":null}},"12":{"start":{"line":26,"column":4},"end":{"line":26,"column":null}},"13":{"start":{"line":28,"column":2},"end":{"line":28,"column":null}},"14":{"start":{"line":32,"column":18},"end":{"line":32,"column":null}},"15":{"start":{"line":33,"column":2},"end":{"line":35,"column":null}},"16":{"start":{"line":34,"column":4},"end":{"line":34,"column":null}},"17":{"start":{"line":36,"column":2},"end":{"line":38,"column":null}},"18":{"start":{"line":37,"column":4},"end":{"line":37,"column":null}},"19":{"start":{"line":40,"column":12},"end":{"line":45,"column":null}},"20":{"start":{"line":47,"column":2},"end":{"line":63,"column":null}},"21":{"start":{"line":48,"column":4},"end":{"line":50,"column":null}},"22":{"start":{"line":49,"column":6},"end":{"line":49,"column":null}},"23":{"start":{"line":51,"column":21},"end":{"line":51,"column":null}},"24":{"start":{"line":52,"column":4},"end":{"line":52,"column":null}},"25":{"start":{"line":54,"column":4},"end":{"line":62,"column":null}},"26":{"start":{"line":55,"column":6},"end":{"line":55,"column":null}},"27":{"start":{"line":56,"column":6},"end":{"line":61,"column":null}},"28":{"start":{"line":65,"column":15},"end":{"line":65,"column":null}},"29":{"start":{"line":66,"column":2},"end":{"line":66,"column":null}},"30":{"start":{"line":69,"column":19},"end":{"line":74,"column":null}},"31":{"start":{"line":70,"column":17},"end":{"line":70,"column":null}},"32":{"start":{"line":71,"column":24},"end":{"line":71,"column":null}},"33":{"start":{"line":72,"column":25},"end":{"line":72,"column":null}},"34":{"start":{"line":73,"column":20},"end":{"line":73,"column":null}}},"fnMap":{"0":{"name":"setAccessToken","decl":{"start":{"line":6,"column":16},"end":{"line":6,"column":31}},"loc":{"start":{"line":6,"column":38},"end":{"line":8,"column":null}},"line":6},"1":{"name":"getAccessToken","decl":{"start":{"line":10,"column":16},"end":{"line":10,"column":33}},"loc":{"start":{"line":10,"column":33},"end":{"line":12,"column":null}},"line":10},"2":{"name":"refreshAccessToken","decl":{"start":{"line":14,"column":15},"end":{"line":14,"column":36}},"loc":{"start":{"line":14,"column":36},"end":{"line":29,"column":null}},"line":14},"3":{"name":"request","decl":{"start":{"line":31,"column":15},"end":{"line":31,"column":23}},"loc":{"start":{"line":31,"column":43},"end":{"line":67,"column":null}},"line":31},"4":{"name":"(anonymous_4)","decl":{"start":{"line":70,"column":2},"end":{"line":70,"column":8}},"loc":{"start":{"line":70,"column":17},"end":{"line":70,"column":null}},"line":70},"5":{"name":"(anonymous_5)","decl":{"start":{"line":71,"column":2},"end":{"line":71,"column":9}},"loc":{"start":{"line":71,"column":24},"end":{"line":71,"column":null}},"line":71},"6":{"name":"(anonymous_6)","decl":{"start":{"line":72,"column":2},"end":{"line":72,"column":10}},"loc":{"start":{"line":72,"column":25},"end":{"line":72,"column":null}},"line":72},"7":{"name":"(anonymous_7)","decl":{"start":{"line":73,"column":2},"end":{"line":73,"column":11}},"loc":{"start":{"line":73,"column":20},"end":{"line":73,"column":null}},"line":73}},"branchMap":{"0":{"loc":{"start":{"line":1,"column":16},"end":{"line":1,"column":null}},"type":"binary-expr","locations":[{"start":{"line":1,"column":16},"end":{"line":1,"column":48}},{"start":{"line":1,"column":48},"end":{"line":1,"column":null}}],"line":1},"1":{"loc":{"start":{"line":19,"column":2},"end":{"line":22,"column":null}},"type":"if","locations":[{"start":{"line":19,"column":2},"end":{"line":22,"column":null}},{"start":{},"end":{}}],"line":19},"2":{"loc":{"start":{"line":24,"column":2},"end":{"line":27,"column":null}},"type":"if","locations":[{"start":{"line":24,"column":2},"end":{"line":27,"column":null}},{"start":{},"end":{}}],"line":24},"3":{"loc":{"start":{"line":33,"column":2},"end":{"line":35,"column":null}},"type":"if","locations":[{"start":{"line":33,"column":2},"end":{"line":35,"column":null}},{"start":{},"end":{}}],"line":33},"4":{"loc":{"start":{"line":36,"column":2},"end":{"line":38,"column":null}},"type":"if","locations":[{"start":{"line":36,"column":2},"end":{"line":38,"column":null}},{"start":{},"end":{}}],"line":36},"5":{"loc":{"start":{"line":43,"column":10},"end":{"line":43,"column":null}},"type":"cond-expr","locations":[{"start":{"line":43,"column":17},"end":{"line":43,"column":40}},{"start":{"line":43,"column":40},"end":{"line":43,"column":null}}],"line":43},"6":{"loc":{"start":{"line":47,"column":2},"end":{"line":63,"column":null}},"type":"if","locations":[{"start":{"line":47,"column":2},"end":{"line":63,"column":null}},{"start":{},"end":{}}],"line":47},"7":{"loc":{"start":{"line":47,"column":6},"end":{"line":47,"column":41}},"type":"binary-expr","locations":[{"start":{"line":47,"column":6},"end":{"line":47,"column":28}},{"start":{"line":47,"column":28},"end":{"line":47,"column":41}}],"line":47},"8":{"loc":{"start":{"line":48,"column":4},"end":{"line":50,"column":null}},"type":"if","locations":[{"start":{"line":48,"column":4},"end":{"line":50,"column":null}},{"start":{},"end":{}}],"line":48},"9":{"loc":{"start":{"line":54,"column":4},"end":{"line":62,"column":null}},"type":"if","locations":[{"start":{"line":54,"column":4},"end":{"line":62,"column":null}},{"start":{},"end":{}}],"line":54},"10":{"loc":{"start":{"line":59,"column":14},"end":{"line":59,"column":null}},"type":"cond-expr","locations":[{"start":{"line":59,"column":21},"end":{"line":59,"column":44}},{"start":{"line":59,"column":44},"end":{"line":59,"column":null}}],"line":59}},"s":{"0":4,"1":4,"2":4,"3":0,"4":0,"5":0,"6":0,"7":0,"8":0,"9":0,"10":0,"11":0,"12":0,"13":0,"14":21,"15":21,"16":0,"17":21,"18":0,"19":21,"20":17,"21":0,"22":0,"23":0,"24":0,"25":0,"26":0,"27":0,"28":17,"29":17,"30":4,"31":0,"32":21,"33":0,"34":0},"f":{"0":0,"1":0,"2":0,"3":21,"4":0,"5":21,"6":0,"7":0},"b":{"0":[4,0],"1":[0,0],"2":[0,0],"3":[0,21],"4":[0,21],"5":[0,21],"6":[0,17],"7":[17,17],"8":[0,0],"9":[0,0],"10":[0,0]},"meta":{"lastBranch":11,"lastFunction":8,"lastStatement":35,"seen":{"s:1:16:1:Infinity":0,"b:1:16:1:48:1:48:1:Infinity":0,"s:3:18:3:Infinity":1,"s:4:21:4:Infinity":2,"f:6:16:6:31":0,"s:7:2:7:Infinity":3,"f:10:16:10:33":1,"s:11:2:11:Infinity":4,"f:14:15:14:36":2,"s:15:14:18:Infinity":5,"b:19:2:22:Infinity:undefined:undefined:undefined:undefined":1,"s:19:2:22:Infinity":6,"s:20:4:20:Infinity":7,"s:21:4:21:Infinity":8,"s:23:15:23:Infinity":9,"b:24:2:27:Infinity:undefined:undefined:undefined:undefined":2,"s:24:2:27:Infinity":10,"s:25:4:25:Infinity":11,"s:26:4:26:Infinity":12,"s:28:2:28:Infinity":13,"f:31:15:31:23":3,"s:32:18:32:Infinity":14,"b:33:2:35:Infinity:undefined:undefined:undefined:undefined":3,"s:33:2:35:Infinity":15,"s:34:4:34:Infinity":16,"b:36:2:38:Infinity:undefined:undefined:undefined:undefined":4,"s:36:2:38:Infinity":17,"s:37:4:37:Infinity":18,"s:40:12:45:Infinity":19,"b:43:17:43:40:43:40:43:Infinity":5,"b:47:2:63:Infinity:undefined:undefined:undefined:undefined":6,"s:47:2:63:Infinity":20,"b:47:6:47:28:47:28:47:41":7,"b:48:4:50:Infinity:undefined:undefined:undefined:undefined":8,"s:48:4:50:Infinity":21,"s:49:6:49:Infinity":22,"s:51:21:51:Infinity":23,"s:52:4:52:Infinity":24,"b:54:4:62:Infinity:undefined:undefined:undefined:undefined":9,"s:54:4:62:Infinity":25,"s:55:6:55:Infinity":26,"s:56:6:61:Infinity":27,"b:59:21:59:44:59:44:59:Infinity":10,"s:65:15:65:Infinity":28,"s:66:2:66:Infinity":29,"s:69:19:74:Infinity":30,"f:70:2:70:8":4,"s:70:17:70:Infinity":31,"f:71:2:71:9":5,"s:71:24:71:Infinity":32,"f:72:2:72:10":6,"s:72:25:72:Infinity":33,"f:73:2:73:11":7,"s:73:20:73:Infinity":34},"fnNames":{}}}
,"C:\\Personal\\EduTala PH\\edutala-ph\\src\\lib\\utils.js": {"path":"C:\\Personal\\EduTala PH\\edutala-ph\\src\\lib\\utils.js","statementMap":{"0":{"start":{"line":5,"column":2},"end":{"line":5,"column":null}}},"fnMap":{"0":{"name":"cn","decl":{"start":{"line":4,"column":16},"end":{"line":4,"column":19}},"loc":{"start":{"line":4,"column":30},"end":{"line":6,"column":null}},"line":4}},"branchMap":{},"s":{"0":298},"f":{"0":298},"b":{},"meta":{"lastBranch":0,"lastFunction":1,"lastStatement":1,"seen":{"f:4:16:4:19":0,"s:5:2:5:Infinity":0},"fnNames":{}}}
,"C:\\Personal\\EduTala PH\\edutala-ph\\src\\pages\\AdminLogin.jsx": {"path":"C:\\Personal\\EduTala PH\\edutala-ph\\src\\pages\\AdminLogin.jsx","statementMap":{"0":{"start":{"line":5,"column":2},"end":{"line":7,"column":null}},"1":{"start":{"line":6,"column":4},"end":{"line":6,"column":null}},"2":{"start":{"line":8,"column":2},"end":{"line":11,"column":null}}},"fnMap":{"0":{"name":"AdminLogin","decl":{"start":{"line":4,"column":24},"end":{"line":4,"column":37}},"loc":{"start":{"line":4,"column":37},"end":{"line":13,"column":null}},"line":4},"1":{"name":"(anonymous_1)","decl":{"start":{"line":5,"column":2},"end":{"line":5,"column":18}},"loc":{"start":{"line":5,"column":18},"end":{"line":7,"column":5}},"line":5}},"branchMap":{},"s":{"0":4,"1":4,"2":4},"f":{"0":4,"1":4},"b":{},"meta":{"lastBranch":0,"lastFunction":2,"lastStatement":3,"seen":{"f:4:24:4:37":0,"s:5:2:7:Infinity":0,"f:5:2:5:18":1,"s:6:4:6:Infinity":1,"s:8:2:11:Infinity":2},"fnNames":{}}}
,"C:\\Personal\\EduTala PH\\edutala-ph\\src\\pages\\Login.jsx": {"path":"C:\\Personal\\EduTala PH\\edutala-ph\\src\\pages\\Login.jsx","statementMap":{"0":{"start":{"line":4,"column":2},"end":{"line":34,"column":null}}},"fnMap":{"0":{"name":"Login","decl":{"start":{"line":3,"column":24},"end":{"line":3,"column":32}},"loc":{"start":{"line":3,"column":32},"end":{"line":36,"column":null}},"line":3}},"branchMap":{},"s":{"0":5},"f":{"0":5},"b":{},"meta":{"lastBranch":0,"lastFunction":1,"lastStatement":1,"seen":{"f:3:24:3:32":0,"s:4:2:34:Infinity":0},"fnNames":{}}}
}
